<?xml version="1.0" encoding="UTF-8"?>
<!-- Generated by org.testng.reporters.JUnitXMLReporter -->
<testsuite hostname="CHDSEZ353009D" name="Command line test" tests="13" failures="0" timestamp="4 Jun 2015 07:10:14 GMT" time="0.02" errors="0">
  <testcase name="testBlankFields" time="0.0" classname="com.psl.testng.AddInvDtlsCase"/>
  <testcase name="testForValidFields" time="0.01" classname="com.psl.testng.AddInvDtlsCase"/>
  <testcase name="testPriceRange" time="0.0" classname="com.psl.testng.AddInvDtlsCase"/>
  <testcase name="testSplChar" time="0.0" classname="com.psl.testng.AddInvDtlsCase"/>
  <testcase name="testBlankPwd" time="0.0" classname="com.psl.testng.LoginCase"/>
  <testcase name="testBlankUser" time="0.0" classname="com.psl.testng.LoginCase"/>
  <testcase name="testSplCharPwd" time="0.0" classname="com.psl.testng.LoginCase"/>
  <testcase name="testSplCharUser" time="0.0" classname="com.psl.testng.LoginCase"/>
  <testcase name="testValidUser" time="0.0" classname="com.psl.testng.LoginCase"/>
  <testcase name="testList1Empty" time="0.0" classname="com.psl.testng.testNGCase"/>
  <testcase name="testList1NotEmpty" time="0.0" classname="com.psl.testng.testNGCase"/>
  <testcase name="testListEmpty" time="0.0" classname="com.psl.testng.testNGCase"/>
  <testcase name="testListNotEmpty" time="0.0" classname="com.psl.testng.testNGCase"/>
</testsuite>
